<?xml version="1.0" encoding="UTF-8"?>
<!-- Generated by org.testng.reporters.JUnitXMLReporter -->
<testsuite ignored="0" hostname="LAPTOP-932Q9SV1" failures="0" tests="3" name="BreakTheCode" time="13.963" errors="0" timestamp="2025-04-13T12:04:34 IST">
  <testcase classname="com.hackathon.tests.AlertTest" name="verifyAlerts" time="9.134"/>
  <testcase classname="com.hackathon.tests.LoginTest" name="invalidLoginTest" time="9.948"/>
  <testcase classname="com.hackathon.tests.LoginTest" name="validLoginTest" time="1.477"/>
</testsuite> <!-- BreakTheCode -->
